[debug] [2021-12-25T12:22:39.654Z] ----------------------------------------------------------------------
[debug] [2021-12-25T12:22:39.656Z] Command:       /home/jutr0/.nvm/versions/node/v14.17.6/bin/node /home/jutr0/.nvm/versions/node/v14.17.6/bin/firebase deploy
[debug] [2021-12-25T12:22:39.656Z] CLI Version:   9.23.1
[debug] [2021-12-25T12:22:39.656Z] Platform:      linux
[debug] [2021-12-25T12:22:39.656Z] Node Version:  v14.17.6
[debug] [2021-12-25T12:22:39.656Z] Time:          Sat Dec 25 2021 13:22:39 GMT+0100 (Central European Standard Time)
[debug] [2021-12-25T12:22:39.657Z] ----------------------------------------------------------------------
[debug] 
[debug] [2021-12-25T12:22:39.699Z] > command requires scopes: ["email","openid","https://www.googleapis.com/auth/cloudplatformprojects.readonly","https://www.googleapis.com/auth/firebase","https://www.googleapis.com/auth/cloud-platform"]
[debug] [2021-12-25T12:22:39.699Z] > authorizing via signed-in user (micwikski@gmail.com)
[debug] [2021-12-25T12:22:39.700Z] [iam] checking project beatburger-app for permissions ["cloudfunctions.functions.create","cloudfunctions.functions.delete","cloudfunctions.functions.get","cloudfunctions.functions.list","cloudfunctions.functions.update","cloudfunctions.operations.get","firebase.projects.get","firebasehosting.sites.update"]
[debug] [2021-12-25T12:22:39.701Z] > refreshing access token with scopes: ["email","https://www.googleapis.com/auth/cloud-platform","https://www.googleapis.com/auth/cloudplatformprojects.readonly","https://www.googleapis.com/auth/firebase","openid"]
[debug] [2021-12-25T12:22:39.701Z] >>> HTTP REQUEST POST https://www.googleapis.com/oauth2/v3/token  
 <request body omitted>
[debug] [2021-12-25T12:22:49.709Z] <<< HTTP RESPONSE 200 {"pragma":"no-cache","date":"Sat, 25 Dec 2021 12:22:49 GMT","expires":"Mon, 01 Jan 1990 00:00:00 GMT","cache-control":"no-cache, no-store, max-age=0, must-revalidate","content-type":"application/json; charset=utf-8","vary":"X-Origin, Referer, Origin,Accept-Encoding","server":"scaffolding on HTTPServer2","x-xss-protection":"0","x-frame-options":"SAMEORIGIN","x-content-type-options":"nosniff","alt-svc":"h3=\":443\"; ma=2592000,h3-29=\":443\"; ma=2592000,h3-Q050=\":443\"; ma=2592000,h3-Q046=\":443\"; ma=2592000,h3-Q043=\":443\"; ma=2592000,quic=\":443\"; ma=2592000; v=\"46,43\"","accept-ranges":"none","transfer-encoding":"chunked"}
[debug] [2021-12-25T12:22:49.726Z] >>> HTTP REQUEST POST https://cloudresourcemanager.googleapis.com/v1/projects/beatburger-app:testIamPermissions  
 {"permissions":["cloudfunctions.functions.create","cloudfunctions.functions.delete","cloudfunctions.functions.get","cloudfunctions.functions.list","cloudfunctions.functions.update","cloudfunctions.operations.get","firebase.projects.get","firebasehosting.sites.update"]}
[debug] [2021-12-25T12:22:52.237Z] <<< HTTP RESPONSE 200 {"content-type":"application/json; charset=UTF-8","vary":"X-Origin, Referer, Origin,Accept-Encoding","date":"Sat, 25 Dec 2021 12:22:51 GMT","server":"ESF","cache-control":"private","x-xss-protection":"0","x-frame-options":"SAMEORIGIN","x-content-type-options":"nosniff","server-timing":"gfet4t7; dur=693","alt-svc":"h3=\":443\"; ma=2592000,h3-29=\":443\"; ma=2592000,h3-Q050=\":443\"; ma=2592000,h3-Q046=\":443\"; ma=2592000,h3-Q043=\":443\"; ma=2592000,quic=\":443\"; ma=2592000; v=\"46,43\"","accept-ranges":"none","transfer-encoding":"chunked"}
[debug] [2021-12-25T12:22:52.240Z] >>> HTTP REQUEST POST https://iam.googleapis.com/v1/projects/beatburger-app/serviceAccounts/beatburger-app@appspot.gserviceaccount.com:testIamPermissions  
 {"permissions":["iam.serviceAccounts.actAs"]}
[debug] [2021-12-25T12:22:55.048Z] <<< HTTP RESPONSE 200 {"content-type":"application/json; charset=UTF-8","vary":"X-Origin, Referer, Origin,Accept-Encoding","date":"Sat, 25 Dec 2021 12:22:54 GMT","server":"ESF","cache-control":"private","x-xss-protection":"0","x-frame-options":"SAMEORIGIN","x-content-type-options":"nosniff","alt-svc":"h3=\":443\"; ma=2592000,h3-29=\":443\"; ma=2592000,h3-Q050=\":443\"; ma=2592000,h3-Q046=\":443\"; ma=2592000,h3-Q043=\":443\"; ma=2592000,quic=\":443\"; ma=2592000; v=\"46,43\"","accept-ranges":"none","transfer-encoding":"chunked"}
[debug] [2021-12-25T12:22:55.051Z] > refreshing access token with scopes: []
[debug] [2021-12-25T12:22:55.052Z] >>> HTTP REQUEST POST https://www.googleapis.com/oauth2/v3/token  
 <request body omitted>
[debug] [2021-12-25T12:22:56.838Z] <<< HTTP RESPONSE 200 {"date":"Sat, 25 Dec 2021 12:22:56 GMT","cache-control":"no-cache, no-store, max-age=0, must-revalidate","pragma":"no-cache","expires":"Mon, 01 Jan 1990 00:00:00 GMT","content-type":"application/json; charset=utf-8","vary":"X-Origin, Referer, Origin,Accept-Encoding","server":"scaffolding on HTTPServer2","x-xss-protection":"0","x-frame-options":"SAMEORIGIN","x-content-type-options":"nosniff","alt-svc":"h3=\":443\"; ma=2592000,h3-29=\":443\"; ma=2592000,h3-Q050=\":443\"; ma=2592000,h3-Q046=\":443\"; ma=2592000,h3-Q043=\":443\"; ma=2592000,quic=\":443\"; ma=2592000; v=\"46,43\"","accept-ranges":"none","transfer-encoding":"chunked"}
[debug] [2021-12-25T12:22:56.854Z] >>> [apiv2][query] GET https://firebase.googleapis.com/v1beta1/projects/beatburger-app [none]
[debug] [2021-12-25T12:23:03.807Z] <<< [apiv2][status] GET https://firebase.googleapis.com/v1beta1/projects/beatburger-app 200
[debug] [2021-12-25T12:23:03.808Z] <<< [apiv2][body] GET https://firebase.googleapis.com/v1beta1/projects/beatburger-app {"projectId":"beatburger-app","projectNumber":"986490917655","displayName":"beatburger-app","name":"projects/beatburger-app","resources":{"hostingSite":"beatburger-app","storageBucket":"beatburger-app.appspot.com","locationId":"europe-central2"},"state":"ACTIVE"}
[info] 
[info] === Deploying to 'beatburger-app'...
[info] 
[info] i  deploying functions, hosting 
[debug] [2021-12-25T12:23:03.814Z] Validating nodejs source
[debug] [2021-12-25T12:23:07.551Z] > [functions] package.json contents: {
  "name": "firebase-deploy",
  "version": "0.1.0",
  "main": "function.js",
  "private": true,
  "scripts": {
    "dev": "next dev",
    "build": "next build",
    "start": "next start",
    "lint": "next lint",
    "export": "next export"
  },
  "dependencies": {
    "@reduxjs/toolkit": "^1.6.2",
    "@svgr/webpack": "^6.0.0",
    "@types/react-redux": "^7.1.20",
    "firebase": "^9.6.0",
    "firebase-admin": "^10.0.0",
    "firebase-functions": "^3.16.0",
    "formik": "^2.2.9",
    "next": "12.0.4",
    "node-sass": "^6.0.1",
    "react": "17.0.2",
    "react-dom": "^17.0.2",
    "react-grid-system": "^8.0.1",
    "react-redux": "^7.2.6",
    "sharp": "^0.29.3"
  },
  "devDependencies": {
    "@types/node": "16.11.10",
    "@types/react": "17.0.37",
    "@types/react-dom": "^17.0.11",
    "eslint": "7.32.0",
    "eslint-config-next": "12.0.4",
    "typescript": "4.5.2"
  }
}
[debug] [2021-12-25T12:23:07.552Z] Building nodejs source
[info] i  functions: ensuring required API cloudfunctions.googleapis.com is enabled... 
[info] i  functions: ensuring required API cloudbuild.googleapis.com is enabled... 
[info] i  functions: ensuring required API artifactregistry.googleapis.com is enabled... 
[debug] [2021-12-25T12:23:07.553Z] >>> [apiv2][query] GET https://serviceusage.googleapis.com/v1/projects/beatburger-app/services/cloudfunctions.googleapis.com [none]
[debug] [2021-12-25T12:23:07.554Z] >>> [apiv2][query] GET https://serviceusage.googleapis.com/v1/projects/beatburger-app/services/runtimeconfig.googleapis.com [none]
[debug] [2021-12-25T12:23:07.555Z] >>> [apiv2][query] GET https://serviceusage.googleapis.com/v1/projects/beatburger-app/services/cloudbuild.googleapis.com [none]
[debug] [2021-12-25T12:23:07.556Z] >>> [apiv2][query] GET https://serviceusage.googleapis.com/v1/projects/beatburger-app/services/artifactregistry.googleapis.com [none]
